#
# There is insufficient memory for the Java Runtime Environment to continue.
# Native memory allocation (malloc) failed to allocate 802416 bytes for Chunk::new
# Possible reasons:
#   The system is out of physical RAM or swap space
#   In 32 bit mode, the process size limit was hit
# Possible solutions:
#   Reduce memory load on the system
#   Increase physical memory or swap space
#   Check if swap backing store is full
#   Use 64 bit Java on a 64 bit OS
#   Decrease Java heap size (-Xmx/-Xms)
#   Decrease number of Java threads
#   Decrease Java thread stack sizes (-Xss)
#   Set larger code cache with -XX:ReservedCodeCacheSize=
# This output file may be truncated or incomplete.
#
#  Out of Memory Error (allocation.cpp:390), pid=2332, tid=4080
#
# JRE version: Java(TM) SE Runtime Environment (8.0_65-b17) (build 1.8.0_65-b17)
# Java VM: Java HotSpot(TM) 64-Bit Server VM (25.65-b01 mixed mode windows-amd64 compressed oops)
# Failed to write core dump. Minidumps are not enabled by default on client versions of Windows
#

---------------  T H R E A D  ---------------

Current thread (0x0000000015cf1000):  JavaThread "C2 CompilerThread1" daemon [_thread_in_native, id=4080, stack(0x0000000017440000,0x0000000017540000)]

Stack: [0x0000000017440000,0x0000000017540000]
[error occurred during error reporting (printing stack bounds), id 0xc0000005]

Native frames: (J=compiled Java code, j=interpreted, Vv=VM code, C=native code)


Current CompileTask:
C2:3200440 23091 %     4       org.gradle.api.internal.project.taskfactory.DefaultTaskClassValidatorExtractor$2::visitType @ 21 (256 bytes)


---------------  P R O C E S S  ---------------

Java Threads: ( => current thread )
  0x000000001db00000 JavaThread "Cache update executor" [_thread_blocked, id=7224, stack(0x0000000023d70000,0x0000000023e70000)]
  0x000000001dafa000 JavaThread "Stdin handler" [_thread_blocked, id=8612, stack(0x000000001ff60000,0x0000000020060000)]
  0x000000001daf9000 JavaThread "Asynchronous log dispatcher for DefaultDaemonConnection: socket connection from /127.0.0.1:64312 to /127.0.0.1:49379" [_thread_in_native, id=8796, stack(0x000000001e610000,0x000000001e710000)]
  0x000000001dafb800 JavaThread "Daemon worker Thread 9" [_thread_in_native, id=5168, stack(0x000000001a5f0000,0x000000001a6f0000)]
  0x000000001daf5800 JavaThread "Cancel handler" [_thread_blocked, id=8396, stack(0x000000001a4f0000,0x000000001a5f0000)]
  0x000000001daf8800 JavaThread "Handler for socket connection from /127.0.0.1:64312 to /127.0.0.1:49379" [_thread_in_native, id=7428, stack(0x000000001a3f0000,0x000000001a4f0000)]
  0x000000001daf6000 JavaThread "Daemon Thread 9" [_thread_blocked, id=4884, stack(0x000000001a2f0000,0x000000001a3f0000)]
  0x000000001db01800 JavaThread "pool-6-thread-4" [_thread_blocked, id=4560, stack(0x00000000225a0000,0x00000000226a0000)]
  0x000000001dafd800 JavaThread "pool-6-thread-3" [_thread_blocked, id=9056, stack(0x00000000228a0000,0x00000000229a0000)]
  0x000000001dafc000 JavaThread "pool-6-thread-2" [_thread_blocked, id=3604, stack(0x0000000020ed0000,0x0000000020fd0000)]
  0x000000001daf4800 JavaThread "pool-6-thread-1" [_thread_blocked, id=7684, stack(0x0000000020b00000,0x0000000020c00000)]
  0x00000000191b0800 JavaThread "File lock request listener" [_thread_in_native, id=7268, stack(0x000000001b8c0000,0x000000001b9c0000)]
  0x0000000018b62000 JavaThread "Incoming local TCP Connector on port 64312" [_thread_in_native, id=6096, stack(0x00000000199f0000,0x0000000019af0000)]
  0x00000000186e3000 JavaThread "pool-1-thread-1" [_thread_blocked, id=4544, stack(0x00000000196f0000,0x00000000197f0000)]
  0x0000000017670800 JavaThread "Service Thread" daemon [_thread_blocked, id=6940, stack(0x0000000017a40000,0x0000000017b40000)]
  0x0000000015cf7800 JavaThread "C1 CompilerThread2" daemon [_thread_blocked, id=3672, stack(0x0000000017540000,0x0000000017640000)]
=>0x0000000015cf1000 JavaThread "C2 CompilerThread1" daemon [_thread_in_native, id=4080, stack(0x0000000017440000,0x0000000017540000)]
  0x0000000015ced000 JavaThread "C2 CompilerThread0" daemon [_thread_in_native, id=528, stack(0x0000000017340000,0x0000000017440000)]
  0x0000000015cea000 JavaThread "Attach Listener" daemon [_thread_blocked, id=4308, stack(0x0000000017240000,0x0000000017340000)]
  0x0000000015ce9000 JavaThread "Signal Dispatcher" daemon [_thread_blocked, id=5400, stack(0x0000000017140000,0x0000000017240000)]
  0x0000000002376800 JavaThread "Finalizer" daemon [_thread_blocked, id=1832, stack(0x0000000016f50000,0x0000000017050000)]
  0x000000000236d800 JavaThread "Reference Handler" daemon [_thread_blocked, id=7916, stack(0x0000000016e50000,0x0000000016f50000)]
  0x000000000227d800 JavaThread "main" [_thread_blocked, id=4204, stack(0x0000000002150000,0x0000000002250000)]

Other Threads:
  0x0000000015cb8000 VMThread [stack: 0x0000000016d50000,0x0000000016e50000] [id=340]
  0x000000001768f800 WatcherThread [stack: 0x0000000017b40000,0x0000000017c40000] [id=3968]

VM state:not at safepoint (normal execution)

VM Mutex/Monitor currently owned by a thread: None

Heap:
 PSYoungGen      total 346112K, used 104198K [0x00000000e0000000, 0x00000000fc400000, 0x0000000100000000)
  eden space 279552K, 36% used [0x00000000e0000000,0x00000000e6446d20,0x00000000f1100000)
  from space 66560K, 2% used [0x00000000f1100000,0x00000000f127aca0,0x00000000f5200000)
  to   space 87040K, 0% used [0x00000000f6f00000,0x00000000f6f00000,0x00000000fc400000)
 ParOldGen       total 138752K, used 72932K [0x00000000a0000000, 0x00000000a8780000, 0x00000000e0000000)
  object space 138752K, 52% used [0x00000000a0000000,0x00000000a4739278,0x00000000a8780000)
 Metaspace       used 82038K, capacity 87264K, committed 87384K, reserved 1126400K
  class space    used 10567K, capacity 11327K, committed 11392K, reserved 1048576K

Card table byte_map: [0x0000000011740000,0x0000000011a50000] byte_map_base: 0x0000000011240000

Marking Bits: (ParMarkBitMap*) 0x000000005804a5b0
 Begin Bits: [0x0000000012050000, 0x0000000013850000)
 End Bits:   [0x0000000013850000, 0x0000000015050000)

Polling page: 0x0000000002110000

CodeCache: size=245760Kb used=62679Kb max_used=65008Kb free=183080Kb
 bounds [0x0000000002380000, 0x0000000006360000, 0x0000000011380000]
 total_blobs=18198 nmethods=17374 adapters=734
 compilation: enabled

Compilation events (10 events):
Event: 3199.880 Thread 0x0000000015cf7800 23113       3       org.gradle.api.internal.file.BaseDirFileResolver::<init> (46 bytes)
Event: 3199.882 Thread 0x0000000015cf7800 nmethod 23113 0x00000000056ba150 code [0x00000000056ba3a0, 0x00000000056bafd8]
Event: 3199.884 Thread 0x0000000015cf7800 23114       3       org.apache.tools.ant.property.ParseProperties::parsePropertyName (55 bytes)
Event: 3199.885 Thread 0x0000000015cf7800 nmethod 23114 0x00000000031ab810 code [0x00000000031ab9c0, 0x00000000031ac038]
Event: 3199.885 Thread 0x0000000015cf7800 23115       3       org.apache.tools.ant.PropertyHelper$2::parsePropertyName (125 bytes)
Event: 3199.886 Thread 0x0000000015cf7800 nmethod 23115 0x0000000002eb71d0 code [0x0000000002eb7440, 0x0000000002eb85e8]
Event: 3199.888 Thread 0x0000000015cf7800 23116       3       org.gradle.model.internal.registry.DefaultModelRegistry$TryDiscoverSelfDiscoveringInScope::hasInputs (55 bytes)
Event: 3199.889 Thread 0x0000000015cf7800 nmethod 23116 0x0000000005971f90 code [0x00000000059721a0, 0x0000000005972a68]
Event: 3199.897 Thread 0x0000000015cf7800 23117       1       org.gradle.execution.taskgraph.TaskInfo::require (8 bytes)
Event: 3199.897 Thread 0x0000000015cf7800 nmethod 23117 0x00000000046a9110 code [0x00000000046a9260, 0x00000000046a9390]

GC Heap History (10 events):
Event: 2784.687 GC heap before
{Heap before GC invocations=79 (full 26):
 PSYoungGen      total 346112K, used 279552K [0x00000000e0000000, 0x00000000f9700000, 0x0000000100000000)
  eden space 279552K, 100% used [0x00000000e0000000,0x00000000f1100000,0x00000000f1100000)
  from space 66560K, 0% used [0x00000000f1100000,0x00000000f1100000,0x00000000f5200000)
  to   space 63488K, 0% used [0x00000000f5200000,0x00000000f5200000,0x00000000f9000000)
 ParOldGen       total 138752K, used 128994K [0x00000000a0000000, 0x00000000a8780000, 0x00000000e0000000)
  object space 138752K, 92% used [0x00000000a0000000,0x00000000a7df8a20,0x00000000a8780000)
 Metaspace       used 81390K, capacity 86052K, committed 86744K, reserved 1124352K
  class space    used 10469K, capacity 11137K, committed 11264K, reserved 1048576K
Event: 2784.968 GC heap after
Heap after GC invocations=79 (full 26):
 PSYoungGen      total 346112K, used 0K [0x00000000e0000000, 0x00000000f9700000, 0x0000000100000000)
  eden space 279552K, 0% used [0x00000000e0000000,0x00000000e0000000,0x00000000f1100000)
  from space 66560K, 0% used [0x00000000f1100000,0x00000000f1100000,0x00000000f5200000)
  to   space 63488K, 0% used [0x00000000f5200000,0x00000000f5200000,0x00000000f9000000)
 ParOldGen       total 138752K, used 135063K [0x00000000a0000000, 0x00000000a8780000, 0x00000000e0000000)
  object space 138752K, 97% used [0x00000000a0000000,0x00000000a83e5d90,0x00000000a8780000)
 Metaspace       used 81390K, capacity 86052K, committed 86744K, reserved 1124352K
  class space    used 10469K, capacity 11137K, committed 11264K, reserved 1048576K
}
Event: 2786.270 GC heap before
{Heap before GC invocations=80 (full 27):
 PSYoungGen      total 346112K, used 279552K [0x00000000e0000000, 0x00000000f9700000, 0x0000000100000000)
  eden space 279552K, 100% used [0x00000000e0000000,0x00000000f1100000,0x00000000f1100000)
  from space 66560K, 0% used [0x00000000f1100000,0x00000000f1100000,0x00000000f5200000)
  to   space 63488K, 0% used [0x00000000f5200000,0x00000000f5200000,0x00000000f9000000)
 ParOldGen       total 138752K, used 135063K [0x00000000a0000000, 0x00000000a8780000, 0x00000000e0000000)
  object space 138752K, 97% used [0x00000000a0000000,0x00000000a83e5d90,0x00000000a8780000)
 Metaspace       used 81446K, capacity 86074K, committed 86744K, reserved 1124352K
  class space    used 10472K, capacity 11140K, committed 11264K, reserved 1048576K
Event: 2786.556 GC heap after
Heap after GC invocations=80 (full 27):
 PSYoungGen      total 346112K, used 0K [0x00000000e0000000, 0x00000000f9700000, 0x0000000100000000)
  eden space 279552K, 0% used [0x00000000e0000000,0x00000000e0000000,0x00000000f1100000)
  from space 66560K, 0% used [0x00000000f1100000,0x00000000f1100000,0x00000000f5200000)
  to   space 63488K, 0% used [0x00000000f5200000,0x00000000f5200000,0x00000000f9000000)
 ParOldGen       total 138752K, used 119330K [0x00000000a0000000, 0x00000000a8780000, 0x00000000e0000000)
  object space 138752K, 86% used [0x00000000a0000000,0x00000000a74888f0,0x00000000a8780000)
 Metaspace       used 81446K, capacity 86074K, committed 86744K, reserved 1124352K
  class space    used 10472K, capacity 11140K, committed 11264K, reserved 1048576K
}
Event: 3137.567 GC heap before
{Heap before GC invocations=81 (full 28):
 PSYoungGen      total 346112K, used 279552K [0x00000000e0000000, 0x00000000f9700000, 0x0000000100000000)
  eden space 279552K, 100% used [0x00000000e0000000,0x00000000f1100000,0x00000000f1100000)
  from space 66560K, 0% used [0x00000000f1100000,0x00000000f1100000,0x00000000f5200000)
  to   space 63488K, 0% used [0x00000000f5200000,0x00000000f5200000,0x00000000f9000000)
 ParOldGen       total 138752K, used 119330K [0x00000000a0000000, 0x00000000a8780000, 0x00000000e0000000)
  object space 138752K, 86% used [0x00000000a0000000,0x00000000a74888f0,0x00000000a8780000)
 Metaspace       used 81951K, capacity 87118K, committed 87384K, reserved 1126400K
  class space    used 10557K, capacity 11284K, committed 11392K, reserved 1048576K
Event: 3137.893 GC heap after
Heap after GC invocations=81 (full 28):
 PSYoungGen      total 346112K, used 0K [0x00000000e0000000, 0x00000000f9700000, 0x0000000100000000)
  eden space 279552K, 0% used [0x00000000e0000000,0x00000000e0000000,0x00000000f1100000)
  from space 66560K, 0% used [0x00000000f1100000,0x00000000f1100000,0x00000000f5200000)
  to   space 63488K, 0% used [0x00000000f5200000,0x00000000f5200000,0x00000000f9000000)
 ParOldGen       total 138752K, used 72932K [0x00000000a0000000, 0x00000000a8780000, 0x00000000e0000000)
  object space 138752K, 52% used [0x00000000a0000000,0x00000000a4739278,0x00000000a8780000)
 Metaspace       used 81951K, capacity 87118K, committed 87384K, reserved 1126400K
  class space    used 10557K, capacity 11284K, committed 11392K, reserved 1048576K
}
Event: 3138.302 GC heap before
{Heap before GC invocations=82 (full 28):
 PSYoungGen      total 346112K, used 279019K [0x00000000e0000000, 0x00000000f9700000, 0x0000000100000000)
  eden space 279552K, 99% used [0x00000000e0000000,0x00000000f107aec8,0x00000000f1100000)
  from space 66560K, 0% used [0x00000000f1100000,0x00000000f1100000,0x00000000f5200000)
  to   space 63488K, 0% used [0x00000000f5200000,0x00000000f5200000,0x00000000f9000000)
 ParOldGen       total 138752K, used 72932K [0x00000000a0000000, 0x00000000a8780000, 0x00000000e0000000)
  object space 138752K, 52% used [0x00000000a0000000,0x00000000a4739278,0x00000000a8780000)
 Metaspace       used 81968K, capacity 87122K, committed 87384K, reserved 1126400K
  class space    used 10557K, capacity 11284K, committed 11392K, reserved 1048576K
Event: 3138.307 GC heap after
Heap after GC invocations=82 (full 28):
 PSYoungGen      total 343040K, used 2619K [0x00000000e0000000, 0x00000000f9700000, 0x0000000100000000)
  eden space 279552K, 0% used [0x00000000e0000000,0x00000000e0000000,0x00000000f1100000)
  from space 63488K, 4% used [0x00000000f5200000,0x00000000f548edc0,0x00000000f9000000)
  to   space 66560K, 0% used [0x00000000f1100000,0x00000000f1100000,0x00000000f5200000)
 ParOldGen       total 138752K, used 72932K [0x00000000a0000000, 0x00000000a8780000, 0x00000000e0000000)
  object space 138752K, 52% used [0x00000000a0000000,0x00000000a4739278,0x00000000a8780000)
 Metaspace       used 81968K, capacity 87122K, committed 87384K, reserved 1126400K
  class space    used 10557K, capacity 11284K, committed 11392K, reserved 1048576K
}
Event: 3138.445 GC heap before
{Heap before GC invocations=83 (full 28):
 PSYoungGen      total 343040K, used 282171K [0x00000000e0000000, 0x00000000f9700000, 0x0000000100000000)
  eden space 279552K, 100% used [0x00000000e0000000,0x00000000f1100000,0x00000000f1100000)
  from space 63488K, 4% used [0x00000000f5200000,0x00000000f548edc0,0x00000000f9000000)
  to   space 66560K, 0% used [0x00000000f1100000,0x00000000f1100000,0x00000000f5200000)
 ParOldGen       total 138752K, used 72932K [0x00000000a0000000, 0x00000000a8780000, 0x00000000e0000000)
  object space 138752K, 52% used [0x00000000a0000000,0x00000000a4739278,0x00000000a8780000)
 Metaspace       used 81973K, capacity 87154K, committed 87384K, reserved 1126400K
  class space    used 10558K, capacity 11316K, committed 11392K, reserved 1048576K
Event: 3138.449 GC heap after
Heap after GC invocations=83 (full 28):
 PSYoungGen      total 346112K, used 1515K [0x00000000e0000000, 0x00000000fc400000, 0x0000000100000000)
  eden space 279552K, 0% used [0x00000000e0000000,0x00000000e0000000,0x00000000f1100000)
  from space 66560K, 2% used [0x00000000f1100000,0x00000000f127aca0,0x00000000f5200000)
  to   space 87040K, 0% used [0x00000000f6f00000,0x00000000f6f00000,0x00000000fc400000)
 ParOldGen       total 138752K, used 72932K [0x00000000a0000000, 0x00000000a8780000, 0x00000000e0000000)
  object space 138752K, 52% used [0x00000000a0000000,0x00000000a4739278,0x00000000a8780000)
 Metaspace       used 81973K, capacity 87154K, committed 87384K, reserved 1126400K
  class space    used 10558K, capacity 11316K, committed 11392K, reserved 1048576K
}

Deoptimization events (10 events):
Event: 3128.506 Thread 0x000000001b81e800 Uncommon trap: reason=class_check action=maybe_recompile pc=0x0000000005dbe1e4 method=java.util.AbstractMap.toString()Ljava/lang/String; @ 1
Event: 3128.636 Thread 0x000000001b81e800 Uncommon trap: reason=unstable_if action=reinterpret pc=0x0000000005979e28 method=org.objectweb.asm.ClassVisitor.visitInnerClass(Ljava/lang/String;Ljava/lang/String;Ljava/lang/String;I)V @ 4
Event: 3128.636 Thread 0x000000001b81e800 Uncommon trap: reason=unstable_if action=reinterpret pc=0x0000000002658e54 method=org.objectweb.asm.ClassVisitor.visitEnd()V @ 4
Event: 3131.732 Thread 0x000000001b81e800 Uncommon trap: reason=bimorphic action=maybe_recompile pc=0x00000000036f20f0 method=com.sun.org.apache.xerces.internal.dom.ElementImpl.getAttributes()Lorg/w3c/dom/NamedNodeMap; @ 8
Event: 3134.056 Thread 0x000000001ca72000 Uncommon trap: reason=unstable_if action=reinterpret pc=0x0000000003282548 method=java.util.concurrent.locks.ReentrantLock$Sync.nonfairTryAcquire(I)Z @ 19
Event: 3137.232 Thread 0x000000001b81e800 Uncommon trap: reason=null_check action=make_not_entrant pc=0x000000000431f608 method=com.sun.org.apache.xpath.internal.patterns.NodeTest.subPartMatchNS(Ljava/lang/String;Ljava/lang/String;)Z @ 25
Event: 3138.193 Thread 0x000000001b81e800 Uncommon trap: reason=unstable_if action=reinterpret pc=0x00000000048c8630 method=java.lang.ref.SoftReference.get()Ljava/lang/Object; @ 6
Event: 3138.404 Thread 0x000000001b81e800 Uncommon trap: reason=bimorphic action=maybe_recompile pc=0x00000000049b7c9c method=com.google.common.collect.AbstractMapEntry.hashCode()I @ 1
Event: 3138.404 Thread 0x000000001b81e800 Uncommon trap: reason=bimorphic action=maybe_recompile pc=0x00000000049b7c9c method=com.google.common.collect.AbstractMapEntry.hashCode()I @ 1
Event: 3199.090 Thread 0x000000001dafb800 Uncommon trap: reason=class_check action=maybe_recompile pc=0x0000000005dbe1e4 method=java.util.AbstractMap.toString()Ljava/lang/String; @ 1

Internal exceptions (10 events):
Event: 2793.008 Thread 0x000000001daf5800 Exception <a 'java/lang/NoSuchMethodError': <clinit>> (0x00000000e1fed900) thrown at [C:\workspace\8-2-build-windows-amd64-cygwin\jdk8u65\4987\hotspot\src\share\vm\prims\jni.cpp, line 1591]
Event: 2793.012 Thread 0x000000001daf5800 Exception <a 'java/lang/NoSuchMethodError': <clinit>> (0x00000000e2022110) thrown at [C:\workspace\8-2-build-windows-amd64-cygwin\jdk8u65\4987\hotspot\src\share\vm\prims\jni.cpp, line 1591]
Event: 2793.014 Thread 0x000000001daf5800 Exception <a 'java/lang/NoSuchMethodError': <clinit>> (0x00000000e203d998) thrown at [C:\workspace\8-2-build-windows-amd64-cygwin\jdk8u65\4987\hotspot\src\share\vm\prims\jni.cpp, line 1591]
Event: 3128.857 Thread 0x000000001b81e800 Exception <a 'java/lang/ClassNotFoundException': asLocalRepo3721_78cbjrc2rbn84uis1p1nip6k8BeanInfo> (0x00000000e28ce4c0) thrown at [C:\workspace\8-2-build-windows-amd64-cygwin\jdk8u65\4987\hotspot\src\share\vm\classfile\systemDictionary.cpp, line 210]
Event: 3128.858 Thread 0x000000001b81e800 Exception <a 'java/lang/ClassNotFoundException': asLocalRepo3721_78cbjrc2rbn84uis1p1nip6k8Customizer> (0x00000000e28d9af0) thrown at [C:\workspace\8-2-build-windows-amd64-cygwin\jdk8u65\4987\hotspot\src\share\vm\classfile\systemDictionary.cpp, line 210]
Event: 3137.232 Thread 0x000000001b81e800 Implicit null exception at 0x000000000431e721 to 0x000000000431f5dd
Event: 3138.193 Thread 0x000000001b81e800 Implicit null exception at 0x00000000048c78fa to 0x00000000048c8605
Event: 3138.621 Thread 0x000000001b81e800 Exception <a 'sun/nio/fs/WindowsException'> (0x00000000e0382180) thrown at [C:\workspace\8-2-build-windows-amd64-cygwin\jdk8u65\4987\hotspot\src\share\vm\prims\jni.cpp, line 709]
Event: 3199.294 Thread 0x000000001dafb800 Exception <a 'java/lang/ClassNotFoundException': asLocalRepo1537_9sabkq9omk3q8ezo0oc903yjrBeanInfo> (0x00000000e0c83590) thrown at [C:\workspace\8-2-build-windows-amd64-cygwin\jdk8u65\4987\hotspot\src\share\vm\classfile\systemDictionary.cpp, line 210]
Event: 3199.294 Thread 0x000000001dafb800 Exception <a 'java/lang/ClassNotFoundException': asLocalRepo1537_9sabkq9omk3q8ezo0oc903yjrCustomizer> (0x00000000e0c8ebc0) thrown at [C:\workspace\8-2-build-windows-amd64-cygwin\jdk8u65\4987\hotspot\src\share\vm\classfile\systemDictionary.cpp, line 210]

Events (10 events):
Event: 3199.332 loading class asLocalRepo1537_9sabkq9omk3q8ezo0oc903yjr$_run_closure1$_closure3
Event: 3199.332 loading class asLocalRepo1537_9sabkq9omk3q8ezo0oc903yjr$_run_closure1$_closure3 done
Event: 3199.333 loading class groovy/runtime/metaclass/asLocalRepo1537_9sabkq9omk3q8ezo0oc903yjr$_run_closure1$_closure3MetaClass
Event: 3199.333 loading class groovy/runtime/metaclass/asLocalRepo1537_9sabkq9omk3q8ezo0oc903yjr$_run_closure1$_closure3MetaClass done
Event: 3199.334 loading class asLocalRepo1537_9sabkq9omk3q8ezo0oc903yjr$_run_closure1$_closure3$_closure6
Event: 3199.334 loading class asLocalRepo1537_9sabkq9omk3q8ezo0oc903yjr$_run_closure1$_closure3$_closure6 done
Event: 3199.334 loading class groovy/runtime/metaclass/asLocalRepo1537_9sabkq9omk3q8ezo0oc903yjr$_run_closure1$_closure3$_closure6MetaClass
Event: 3199.334 loading class groovy/runtime/metaclass/asLocalRepo1537_9sabkq9omk3q8ezo0oc903yjr$_run_closure1$_closure3$_closure6MetaClass done
Event: 3199.393 Thread 0x0000000015cf7800 flushing nmethod 0x0000000005ae93d0
Event: 3199.393 Thread 0x0000000015cf7800 flushing nmethod 0x0000000005b1c810


Dynamic libraries:
0x00007ff7e43a0000 - 0x00007ff7e43d7000 	C:\Program Files\Java\jdk1.8.0_65\bin\java.exe
0x00007fff8fc00000 - 0x00007fff8fdad000 	C:\Windows\SYSTEM32\ntdll.dll
0x00007fff8eaf0000 - 0x00007fff8ec2a000 	C:\Windows\system32\KERNEL32.DLL
0x00007fff8b050000 - 0x00007fff8b083000 	D:\Program Files\AVAST Software\Avast\x64\aswhooka.dll
0x00007fff8d130000 - 0x00007fff8d245000 	C:\Windows\system32\KERNELBASE.dll
0x00007fff8b980000 - 0x00007fff8ba0e000 	C:\Windows\system32\apphelp.dll
0x00007fff872d0000 - 0x00007fff87323000 	C:\Windows\AppPatch\AppPatch64\AcGenral.DLL
0x00007fff8e800000 - 0x00007fff8e8a7000 	C:\Windows\system32\msvcrt.dll
0x00007fff8d2a0000 - 0x00007fff8d2cb000 	C:\Windows\system32\SspiCli.dll
0x00007fff8f840000 - 0x00007fff8f891000 	C:\Windows\system32\SHLWAPI.dll
0x00007fff8f260000 - 0x00007fff8f3d7000 	C:\Windows\system32\USER32.dll
0x00007fff8f3e0000 - 0x00007fff8f574000 	C:\Windows\system32\ole32.dll
0x00007fff8d2d0000 - 0x00007fff8e7fa000 	C:\Windows\system32\SHELL32.dll
0x00007fff8c400000 - 0x00007fff8c41e000 	C:\Windows\SYSTEM32\USERENV.dll
0x00007fff8f900000 - 0x00007fff8f9aa000 	C:\Windows\system32\ADVAPI32.dll
0x00007fff7bd10000 - 0x00007fff7bd2b000 	C:\Windows\SYSTEM32\MPR.dll
0x00007fff8e8f0000 - 0x00007fff8ea30000 	C:\Windows\system32\RPCRT4.dll
0x00007fff8f8a0000 - 0x00007fff8f8f9000 	C:\Windows\SYSTEM32\sechost.dll
0x00007fff8ef90000 - 0x00007fff8f1a1000 	C:\Windows\SYSTEM32\combase.dll
0x00007fff8ee40000 - 0x00007fff8ef90000 	C:\Windows\system32\GDI32.dll
0x00007fff8cd80000 - 0x00007fff8cd94000 	C:\Windows\SYSTEM32\profapi.dll
0x00007fff8b5c0000 - 0x00007fff8b672000 	C:\Windows\SYSTEM32\SHCORE.dll
0x00007fff8e8b0000 - 0x00007fff8e8e4000 	C:\Windows\system32\IMM32.DLL
0x00007fff8f9b0000 - 0x00007fff8fb02000 	C:\Windows\system32\MSCTF.dll
0x00007fff8a930000 - 0x00007fff8abab000 	C:\Windows\WinSxS\amd64_microsoft.windows.common-controls_6595b64144ccf1df_6.0.9600.18006_none_623f33d3ecbe86e8\COMCTL32.dll
0x0000000059110000 - 0x00000000591e2000 	C:\Program Files\Java\jdk1.8.0_65\jre\bin\msvcr100.dll
0x0000000057840000 - 0x00000000580c9000 	C:\Program Files\Java\jdk1.8.0_65\jre\bin\server\jvm.dll
0x00007fff82f50000 - 0x00007fff82f59000 	C:\Windows\SYSTEM32\WSOCK32.dll
0x00007fff8a2c0000 - 0x00007fff8a2df000 	C:\Windows\SYSTEM32\WINMM.dll
0x00007fff8a740000 - 0x00007fff8a74a000 	C:\Windows\SYSTEM32\VERSION.dll
0x00007fff8f1b0000 - 0x00007fff8f1b7000 	C:\Windows\system32\PSAPI.DLL
0x00007fff8f580000 - 0x00007fff8f5d8000 	C:\Windows\system32\WS2_32.dll
0x00007fff8a100000 - 0x00007fff8a12a000 	C:\Windows\SYSTEM32\WINMMBASE.dll
0x00007fff8ee30000 - 0x00007fff8ee39000 	C:\Windows\system32\NSI.dll
0x00007fff8d030000 - 0x00007fff8d07a000 	C:\Windows\SYSTEM32\cfgmgr32.dll
0x00007fff8bbd0000 - 0x00007fff8bbf6000 	C:\Windows\SYSTEM32\DEVOBJ.dll
0x0000000059cb0000 - 0x0000000059cbf000 	C:\Program Files\Java\jdk1.8.0_65\jre\bin\verify.dll
0x00000000590e0000 - 0x0000000059109000 	C:\Program Files\Java\jdk1.8.0_65\jre\bin\java.dll
0x0000000059c90000 - 0x0000000059ca6000 	C:\Program Files\Java\jdk1.8.0_65\jre\bin\zip.dll
0x00000000590c0000 - 0x00000000590da000 	C:\Program Files\Java\jdk1.8.0_65\jre\bin\net.dll
0x00007fff8c6b0000 - 0x00007fff8c708000 	C:\Windows\system32\mswsock.dll
0x00000000590a0000 - 0x00000000590b1000 	C:\Program Files\Java\jdk1.8.0_65\jre\bin\nio.dll
0x00007fff894c0000 - 0x00007fff894de000 	C:\Users\A455L\.gradle\native\23\windows-amd64\native-platform.dll
0x00007fff8c710000 - 0x00007fff8c72e000 	C:\Windows\SYSTEM32\CRYPTSP.dll
0x00007fff8c2f0000 - 0x00007fff8c326000 	C:\Windows\system32\rsaenh.dll
0x00007fff8c950000 - 0x00007fff8c976000 	C:\Windows\SYSTEM32\bcrypt.dll
0x00007fff8cc50000 - 0x00007fff8ccb3000 	C:\Windows\system32\bcryptprimitives.dll
0x00007fff8ccc0000 - 0x00007fff8ccca000 	C:\Windows\SYSTEM32\CRYPTBASE.dll
0x00007fff86410000 - 0x00007fff8643a000 	C:\Windows\SYSTEM32\IPHLPAPI.DLL
0x00007fff87230000 - 0x00007fff8723a000 	C:\Windows\SYSTEM32\WINNSI.DLL
0x00007fff860b0000 - 0x00007fff860c4000 	C:\Windows\SYSTEM32\dhcpcsvc6.DLL
0x00007fff86210000 - 0x00007fff86229000 	C:\Windows\SYSTEM32\dhcpcsvc.DLL
0x0000000059090000 - 0x000000005909d000 	C:\Program Files\Java\jdk1.8.0_65\jre\bin\management.dll
0x00000000592c0000 - 0x00000000592e4000 	C:\Program Files\Java\jdk1.8.0_65\jre\bin\sunec.dll
0x00000000592b0000 - 0x00000000592bb000 	C:\Program Files\Java\jdk1.8.0_65\jre\bin\sunmscapi.dll
0x00007fff8ce50000 - 0x00007fff8d02f000 	C:\Windows\system32\CRYPT32.dll
0x00007fff8ce30000 - 0x00007fff8ce42000 	C:\Windows\system32\MSASN1.dll
0x00007fff8c4b0000 - 0x00007fff8c553000 	C:\Windows\SYSTEM32\DNSAPI.dll
0x00007fff7fff0000 - 0x00007fff7fff9000 	C:\Windows\System32\rasadhlp.dll
0x00007fff860e0000 - 0x00007fff8614b000 	C:\Windows\System32\fwpuclnt.dll
0x00007fff7df30000 - 0x00007fff7df44000 	C:\Windows\system32\napinsp.dll
0x00007fff7df10000 - 0x00007fff7df29000 	C:\Windows\system32\pnrpnsp.dll
0x00007fff892e0000 - 0x00007fff892fb000 	C:\Windows\system32\NLAapi.dll
0x00007fff831c0000 - 0x00007fff831cc000 	C:\Windows\System32\winrnr.dll
0x00007fff7df50000 - 0x00007fff7df63000 	C:\Windows\system32\wshbth.dll
0x00007fff84950000 - 0x00007fff84980000 	C:\Windows\SYSTEM32\ntmarta.dll

VM Arguments:
jvm_args: -Xmx1536m -Dfile.encoding=windows-1252 -Duser.country=US -Duser.language=en -Duser.variant 
java_command: org.gradle.launcher.daemon.bootstrap.GradleDaemon 3.3
java_class_path (initial): C:\Users\A455L\.gradle\wrapper\dists\gradle-3.3-all\55gk2rcmfc6p2dg9u9ohc3hw9\gradle-3.3\lib\gradle-launcher-3.3.jar
Launcher Type: SUN_STANDARD

Environment Variables:
PATH=C:\ProgramData\Oracle\Java\javapath;C:\Program Files (x86)\NVIDIA Corporation\PhysX\Common;C:\Program Files (x86)\Intel\iCLS Client\;C:\Program Files\Intel\iCLS Client\;C:\Windows\system32;C:\Windows;C:\Windows\System32\Wbem;C:\Windows\System32\WindowsPowerShell\v1.0\;C:\Program Files\Intel\Intel(R) Management Engine Components\DAL;C:\Program Files\Intel\Intel(R) Management Engine Components\IPT;C:\Program Files (x86)\Intel\Intel(R) Management Engine Components\DAL;C:\Program Files (x86)\Intel\Intel(R) Management Engine Components\IPT;C:\Program Files\Microsoft SQL Server\110\Tools\Binn\;C:\Program Files\Microsoft SQL Server\120\Tools\Binn\;C:\Program Files (x86)\Microsoft SQL Server\90\Tools\binn\;C:\Program Files (x86)\Microsoft SQL Server\110\Tools\Binn\ManagementStudio\;C:\Program Files (x86)\Microsoft SQL Server\110\Tools\Binn\;C:\Program Files (x86)\Microsoft SQL Server\110\DTS\Binn\;C:\xampp\php;C:\Program Files (x86)\Windows Live\Shared;C:\Program Files\Microsoft\Web Platform Installer\;C:\Windows\system32\config\systemprofile\.dnx\bin;C:\Program Files\Microsoft DNX\Dnvm\;C:\Program Files (x86)\Windows Kits\8.1\Windows Performance Toolkit\;C:\ProgramData\ComposerSetup\bin;C:\Users\A455L\AppData\Roaming\Composer\vendor\bin
USERNAME=A455L
OS=Windows_NT
PROCESSOR_IDENTIFIER=Intel64 Family 6 Model 69 Stepping 1, GenuineIntel



---------------  S Y S T E M  ---------------

OS: Windows 8.1 , 64 bit Build 9600 (6.3.9600.17056)

CPU:total 4 (2 cores per cpu, 2 threads per core) family 6 model 69 stepping 1, cmov, cx8, fxsr, mmx, sse, sse2, sse3, ssse3, sse4.1, sse4.2, popcnt, avx, avx2, aes, clmul, erms, lzcnt, ht, tsc, tscinvbit, bmi1, bmi2

Memory: 4k page, physical 4074532k(423532k free), swap 5051984k(5304k free)

vm_info: Java HotSpot(TM) 64-Bit Server VM (25.65-b01) for windows-amd64 JRE (1.8.0_65-b17), built on Oct  6 2015 16:39:20 by "java_re" with MS VC++ 10.0 (VS2010)

time: Wed May 17 10:50:51 2017
elapsed time: 3200 seconds (0d 0h 53m 20s)

